<!DOCTYPE html>
<html>
<head>
<meta http-equiv="Content-Type" content="text/html; charset=utf-8"/>
<meta http-equiv="x-ua-compatible" content="IE=edge"/>
<title>Test results - LectureReviewControllerTest</title>
<link href="../css/base-style.css" rel="stylesheet" type="text/css"/>
<link href="../css/style.css" rel="stylesheet" type="text/css"/>
<script src="../js/report.js" type="text/javascript"></script>
</head>
<body>
<div id="content">
<h1>LectureReviewControllerTest</h1>
<div class="breadcrumbs">
<a href="../index.html">all</a> &gt; 
<a href="../packages/ynzmz.server.review.lecture.controller.html">ynzmz.server.review.lecture.controller</a> &gt; LectureReviewControllerTest</div>
<div id="summary">
<table>
<tr>
<td>
<div class="summaryGroup">
<table>
<tr>
<td>
<div class="infoBox" id="tests">
<div class="counter">4</div>
<p>tests</p>
</div>
</td>
<td>
<div class="infoBox" id="failures">
<div class="counter">3</div>
<p>failures</p>
</div>
</td>
<td>
<div class="infoBox" id="ignored">
<div class="counter">0</div>
<p>ignored</p>
</div>
</td>
<td>
<div class="infoBox" id="duration">
<div class="counter">0.047s</div>
<p>duration</p>
</div>
</td>
</tr>
</table>
</div>
</td>
<td>
<div class="infoBox failures" id="successRate">
<div class="percent">25%</div>
<p>successful</p>
</div>
</td>
</tr>
</table>
</div>
<div id="tabs">
<ul class="tabLinks">
<li>
<a href="#tab0">Failed tests</a>
</li>
<li>
<a href="#tab1">Tests</a>
</li>
<li>
<a href="#tab2">Standard output</a>
</li>
</ul>
<div id="tab0" class="tab">
<h2>Failed tests</h2>
<div class="test">
<a name="getReviewPostDetail()"></a>
<h3 class="failures">리뷰글 상세 조회 테스트</h3>
<span class="code">
<pre>org.springframework.restdocs.snippet.SnippetException: The following parts of the payload were not documented:
{
  &quot;data&quot; : {
    &quot;member&quot; : {
      &quot;questions&quot; : [ ],
      &quot;answers&quot; : [ ],
      &quot;questionVotes&quot; : [ ],
      &quot;answerVotes&quot; : [ ]
    },
    &quot;comments&quot; : [ {
      &quot;member&quot; : {
        &quot;questions&quot; : [ ],
        &quot;answers&quot; : [ ],
        &quot;questionVotes&quot; : [ ],
        &quot;answerVotes&quot; : [ ]
      }
    }, {
      &quot;member&quot; : {
        &quot;questions&quot; : [ ],
        &quot;answers&quot; : [ ],
        &quot;questionVotes&quot; : [ ],
        &quot;answerVotes&quot; : [ ]
      }
    }, {
      &quot;member&quot; : {
        &quot;questions&quot; : [ ],
        &quot;answers&quot; : [ ],
        &quot;questionVotes&quot; : [ ],
        &quot;answerVotes&quot; : [ ]
      }
    }, {
      &quot;member&quot; : {
        &quot;questions&quot; : [ ],
        &quot;answers&quot; : [ ],
        &quot;questionVotes&quot; : [ ],
        &quot;answerVotes&quot; : [ ]
      }
    }, {
      &quot;member&quot; : {
        &quot;questions&quot; : [ ],
        &quot;answers&quot; : [ ],
        &quot;questionVotes&quot; : [ ],
        &quot;answerVotes&quot; : [ ]
      }
    }, {
      &quot;member&quot; : {
        &quot;questions&quot; : [ ],
        &quot;answers&quot; : [ ],
        &quot;questionVotes&quot; : [ ],
        &quot;answerVotes&quot; : [ ]
      }
    } ]
  }
}
	at app//org.springframework.restdocs.payload.AbstractFieldsSnippet.validateFieldDocumentation(AbstractFieldsSnippet.java:218)
	at app//org.springframework.restdocs.payload.AbstractFieldsSnippet.createModel(AbstractFieldsSnippet.java:160)
	at app//org.springframework.restdocs.snippet.TemplatedSnippet.document(TemplatedSnippet.java:78)
	at app//org.springframework.restdocs.generate.RestDocumentationGenerator.handle(RestDocumentationGenerator.java:191)
	at app//org.springframework.restdocs.mockmvc.RestDocumentationResultHandler.handle(RestDocumentationResultHandler.java:52)
	at app//org.springframework.test.web.servlet.MockMvc$1.andDo(MockMvc.java:219)
	at app//ynzmz.server.review.lecture.controller.LectureReviewControllerTest.getReviewPostDetail(LectureReviewControllerTest.java:269)
	at java.base@11.0.17/jdk.internal.reflect.NativeMethodAccessorImpl.invoke0(Native Method)
	at java.base@11.0.17/jdk.internal.reflect.NativeMethodAccessorImpl.invoke(NativeMethodAccessorImpl.java:62)
	at java.base@11.0.17/jdk.internal.reflect.DelegatingMethodAccessorImpl.invoke(DelegatingMethodAccessorImpl.java:43)
	at java.base@11.0.17/java.lang.reflect.Method.invoke(Method.java:566)
	at app//org.junit.platform.commons.util.ReflectionUtils.invokeMethod(ReflectionUtils.java:725)
	at app//org.junit.jupiter.engine.execution.MethodInvocation.proceed(MethodInvocation.java:60)
	at app//org.junit.jupiter.engine.execution.InvocationInterceptorChain$ValidatingInvocation.proceed(InvocationInterceptorChain.java:131)
	at app//org.junit.jupiter.engine.extension.TimeoutExtension.intercept(TimeoutExtension.java:149)
	at app//org.junit.jupiter.engine.extension.TimeoutExtension.interceptTestableMethod(TimeoutExtension.java:140)
	at app//org.junit.jupiter.engine.extension.TimeoutExtension.interceptTestMethod(TimeoutExtension.java:84)
	at app//org.junit.jupiter.engine.execution.ExecutableInvoker$ReflectiveInterceptorCall.lambda$ofVoidMethod$0(ExecutableInvoker.java:115)
	at app//org.junit.jupiter.engine.execution.ExecutableInvoker.lambda$invoke$0(ExecutableInvoker.java:105)
	at app//org.junit.jupiter.engine.execution.InvocationInterceptorChain$InterceptedInvocation.proceed(InvocationInterceptorChain.java:106)
	at app//org.junit.jupiter.engine.execution.InvocationInterceptorChain.proceed(InvocationInterceptorChain.java:64)
	at app//org.junit.jupiter.engine.execution.InvocationInterceptorChain.chainAndInvoke(InvocationInterceptorChain.java:45)
	at app//org.junit.jupiter.engine.execution.InvocationInterceptorChain.invoke(InvocationInterceptorChain.java:37)
	at app//org.junit.jupiter.engine.execution.ExecutableInvoker.invoke(ExecutableInvoker.java:104)
	at app//org.junit.jupiter.engine.execution.ExecutableInvoker.invoke(ExecutableInvoker.java:98)
	at app//org.junit.jupiter.engine.descriptor.TestMethodTestDescriptor.lambda$invokeTestMethod$7(TestMethodTestDescriptor.java:214)
	at app//org.junit.platform.engine.support.hierarchical.ThrowableCollector.execute(ThrowableCollector.java:73)
	at app//org.junit.jupiter.engine.descriptor.TestMethodTestDescriptor.invokeTestMethod(TestMethodTestDescriptor.java:210)
	at app//org.junit.jupiter.engine.descriptor.TestMethodTestDescriptor.execute(TestMethodTestDescriptor.java:135)
	at app//org.junit.jupiter.engine.descriptor.TestMethodTestDescriptor.execute(TestMethodTestDescriptor.java:66)
	at app//org.junit.platform.engine.support.hierarchical.NodeTestTask.lambda$executeRecursively$6(NodeTestTask.java:151)
	at app//org.junit.platform.engine.support.hierarchical.ThrowableCollector.execute(ThrowableCollector.java:73)
	at app//org.junit.platform.engine.support.hierarchical.NodeTestTask.lambda$executeRecursively$8(NodeTestTask.java:141)
	at app//org.junit.platform.engine.support.hierarchical.Node.around(Node.java:137)
	at app//org.junit.platform.engine.support.hierarchical.NodeTestTask.lambda$executeRecursively$9(NodeTestTask.java:139)
	at app//org.junit.platform.engine.support.hierarchical.ThrowableCollector.execute(ThrowableCollector.java:73)
	at app//org.junit.platform.engine.support.hierarchical.NodeTestTask.executeRecursively(NodeTestTask.java:138)
	at app//org.junit.platform.engine.support.hierarchical.NodeTestTask.execute(NodeTestTask.java:95)
	at java.base@11.0.17/java.util.ArrayList.forEach(ArrayList.java:1541)
	at app//org.junit.platform.engine.support.hierarchical.SameThreadHierarchicalTestExecutorService.invokeAll(SameThreadHierarchicalTestExecutorService.java:41)
	at app//org.junit.platform.engine.support.hierarchical.NodeTestTask.lambda$executeRecursively$6(NodeTestTask.java:155)
	at app//org.junit.platform.engine.support.hierarchical.ThrowableCollector.execute(ThrowableCollector.java:73)
	at app//org.junit.platform.engine.support.hierarchical.NodeTestTask.lambda$executeRecursively$8(NodeTestTask.java:141)
	at app//org.junit.platform.engine.support.hierarchical.Node.around(Node.java:137)
	at app//org.junit.platform.engine.support.hierarchical.NodeTestTask.lambda$executeRecursively$9(NodeTestTask.java:139)
	at app//org.junit.platform.engine.support.hierarchical.ThrowableCollector.execute(ThrowableCollector.java:73)
	at app//org.junit.platform.engine.support.hierarchical.NodeTestTask.executeRecursively(NodeTestTask.java:138)
	at app//org.junit.platform.engine.support.hierarchical.NodeTestTask.execute(NodeTestTask.java:95)
	at java.base@11.0.17/java.util.ArrayList.forEach(ArrayList.java:1541)
	at app//org.junit.platform.engine.support.hierarchical.SameThreadHierarchicalTestExecutorService.invokeAll(SameThreadHierarchicalTestExecutorService.java:41)
	at app//org.junit.platform.engine.support.hierarchical.NodeTestTask.lambda$executeRecursively$6(NodeTestTask.java:155)
	at app//org.junit.platform.engine.support.hierarchical.ThrowableCollector.execute(ThrowableCollector.java:73)
	at app//org.junit.platform.engine.support.hierarchical.NodeTestTask.lambda$executeRecursively$8(NodeTestTask.java:141)
	at app//org.junit.platform.engine.support.hierarchical.Node.around(Node.java:137)
	at app//org.junit.platform.engine.support.hierarchical.NodeTestTask.lambda$executeRecursively$9(NodeTestTask.java:139)
	at app//org.junit.platform.engine.support.hierarchical.ThrowableCollector.execute(ThrowableCollector.java:73)
	at app//org.junit.platform.engine.support.hierarchical.NodeTestTask.executeRecursively(NodeTestTask.java:138)
	at app//org.junit.platform.engine.support.hierarchical.NodeTestTask.execute(NodeTestTask.java:95)
	at app//org.junit.platform.engine.support.hierarchical.SameThreadHierarchicalTestExecutorService.submit(SameThreadHierarchicalTestExecutorService.java:35)
	at app//org.junit.platform.engine.support.hierarchical.HierarchicalTestExecutor.execute(HierarchicalTestExecutor.java:57)
	at app//org.junit.platform.engine.support.hierarchical.HierarchicalTestEngine.execute(HierarchicalTestEngine.java:54)
	at org.junit.platform.launcher.core.EngineExecutionOrchestrator.execute(EngineExecutionOrchestrator.java:107)
	at org.junit.platform.launcher.core.EngineExecutionOrchestrator.execute(EngineExecutionOrchestrator.java:88)
	at org.junit.platform.launcher.core.EngineExecutionOrchestrator.lambda$execute$0(EngineExecutionOrchestrator.java:54)
	at org.junit.platform.launcher.core.EngineExecutionOrchestrator.withInterceptedStreams(EngineExecutionOrchestrator.java:67)
	at org.junit.platform.launcher.core.EngineExecutionOrchestrator.execute(EngineExecutionOrchestrator.java:52)
	at org.junit.platform.launcher.core.DefaultLauncher.execute(DefaultLauncher.java:114)
	at org.junit.platform.launcher.core.DefaultLauncher.execute(DefaultLauncher.java:86)
	at org.junit.platform.launcher.core.DefaultLauncherSession$DelegatingLauncher.execute(DefaultLauncherSession.java:86)
	at org.junit.platform.launcher.core.SessionPerRequestLauncher.execute(SessionPerRequestLauncher.java:53)
	at org.gradle.api.internal.tasks.testing.junitplatform.JUnitPlatformTestClassProcessor$CollectAllTestClassesExecutor.processAllTestClasses(JUnitPlatformTestClassProcessor.java:99)
	at org.gradle.api.internal.tasks.testing.junitplatform.JUnitPlatformTestClassProcessor$CollectAllTestClassesExecutor.access$000(JUnitPlatformTestClassProcessor.java:79)
	at org.gradle.api.internal.tasks.testing.junitplatform.JUnitPlatformTestClassProcessor.stop(JUnitPlatformTestClassProcessor.java:75)
	at org.gradle.api.internal.tasks.testing.SuiteTestClassProcessor.stop(SuiteTestClassProcessor.java:62)
	at java.base@11.0.17/jdk.internal.reflect.NativeMethodAccessorImpl.invoke0(Native Method)
	at java.base@11.0.17/jdk.internal.reflect.NativeMethodAccessorImpl.invoke(NativeMethodAccessorImpl.java:62)
	at java.base@11.0.17/jdk.internal.reflect.DelegatingMethodAccessorImpl.invoke(DelegatingMethodAccessorImpl.java:43)
	at java.base@11.0.17/java.lang.reflect.Method.invoke(Method.java:566)
	at org.gradle.internal.dispatch.ReflectionDispatch.dispatch(ReflectionDispatch.java:36)
	at org.gradle.internal.dispatch.ReflectionDispatch.dispatch(ReflectionDispatch.java:24)
	at org.gradle.internal.dispatch.ContextClassLoaderDispatch.dispatch(ContextClassLoaderDispatch.java:33)
	at org.gradle.internal.dispatch.ProxyDispatchAdapter$DispatchingInvocationHandler.invoke(ProxyDispatchAdapter.java:94)
	at com.sun.proxy.$Proxy2.stop(Unknown Source)
	at org.gradle.api.internal.tasks.testing.worker.TestWorker$3.run(TestWorker.java:193)
	at org.gradle.api.internal.tasks.testing.worker.TestWorker.executeAndMaintainThreadName(TestWorker.java:129)
	at org.gradle.api.internal.tasks.testing.worker.TestWorker.execute(TestWorker.java:100)
	at org.gradle.api.internal.tasks.testing.worker.TestWorker.execute(TestWorker.java:60)
	at org.gradle.process.internal.worker.child.ActionExecutionWorker.execute(ActionExecutionWorker.java:56)
	at org.gradle.process.internal.worker.child.SystemApplicationClassLoaderWorker.call(SystemApplicationClassLoaderWorker.java:113)
	at org.gradle.process.internal.worker.child.SystemApplicationClassLoaderWorker.call(SystemApplicationClassLoaderWorker.java:65)
	at app//worker.org.gradle.process.internal.worker.GradleWorkerMain.run(GradleWorkerMain.java:69)
	at app//worker.org.gradle.process.internal.worker.GradleWorkerMain.main(GradleWorkerMain.java:74)
</pre>
</span>
</div>
<div class="test">
<a name="patchReviewPost()"></a>
<h3 class="failures">강의 리뷰 수정 테스트</h3>
<span class="code">
<pre>org.springframework.restdocs.snippet.SnippetException: The following parts of the payload were not documented:
{
  &quot;data&quot; : {
    &quot;member&quot; : {
      &quot;questions&quot; : [ ],
      &quot;answers&quot; : [ ],
      &quot;questionVotes&quot; : [ ],
      &quot;answerVotes&quot; : [ ]
    }
  }
}
	at app//org.springframework.restdocs.payload.AbstractFieldsSnippet.validateFieldDocumentation(AbstractFieldsSnippet.java:218)
	at app//org.springframework.restdocs.payload.AbstractFieldsSnippet.createModel(AbstractFieldsSnippet.java:160)
	at app//org.springframework.restdocs.snippet.TemplatedSnippet.document(TemplatedSnippet.java:78)
	at app//org.springframework.restdocs.generate.RestDocumentationGenerator.handle(RestDocumentationGenerator.java:191)
	at app//org.springframework.restdocs.mockmvc.RestDocumentationResultHandler.handle(RestDocumentationResultHandler.java:52)
	at app//org.springframework.test.web.servlet.MockMvc$1.andDo(MockMvc.java:219)
	at app//ynzmz.server.review.lecture.controller.LectureReviewControllerTest.patchReviewPost(LectureReviewControllerTest.java:151)
	at java.base@11.0.17/jdk.internal.reflect.NativeMethodAccessorImpl.invoke0(Native Method)
	at java.base@11.0.17/jdk.internal.reflect.NativeMethodAccessorImpl.invoke(NativeMethodAccessorImpl.java:62)
	at java.base@11.0.17/jdk.internal.reflect.DelegatingMethodAccessorImpl.invoke(DelegatingMethodAccessorImpl.java:43)
	at java.base@11.0.17/java.lang.reflect.Method.invoke(Method.java:566)
	at app//org.junit.platform.commons.util.ReflectionUtils.invokeMethod(ReflectionUtils.java:725)
	at app//org.junit.jupiter.engine.execution.MethodInvocation.proceed(MethodInvocation.java:60)
	at app//org.junit.jupiter.engine.execution.InvocationInterceptorChain$ValidatingInvocation.proceed(InvocationInterceptorChain.java:131)
	at app//org.junit.jupiter.engine.extension.TimeoutExtension.intercept(TimeoutExtension.java:149)
	at app//org.junit.jupiter.engine.extension.TimeoutExtension.interceptTestableMethod(TimeoutExtension.java:140)
	at app//org.junit.jupiter.engine.extension.TimeoutExtension.interceptTestMethod(TimeoutExtension.java:84)
	at app//org.junit.jupiter.engine.execution.ExecutableInvoker$ReflectiveInterceptorCall.lambda$ofVoidMethod$0(ExecutableInvoker.java:115)
	at app//org.junit.jupiter.engine.execution.ExecutableInvoker.lambda$invoke$0(ExecutableInvoker.java:105)
	at app//org.junit.jupiter.engine.execution.InvocationInterceptorChain$InterceptedInvocation.proceed(InvocationInterceptorChain.java:106)
	at app//org.junit.jupiter.engine.execution.InvocationInterceptorChain.proceed(InvocationInterceptorChain.java:64)
	at app//org.junit.jupiter.engine.execution.InvocationInterceptorChain.chainAndInvoke(InvocationInterceptorChain.java:45)
	at app//org.junit.jupiter.engine.execution.InvocationInterceptorChain.invoke(InvocationInterceptorChain.java:37)
	at app//org.junit.jupiter.engine.execution.ExecutableInvoker.invoke(ExecutableInvoker.java:104)
	at app//org.junit.jupiter.engine.execution.ExecutableInvoker.invoke(ExecutableInvoker.java:98)
	at app//org.junit.jupiter.engine.descriptor.TestMethodTestDescriptor.lambda$invokeTestMethod$7(TestMethodTestDescriptor.java:214)
	at app//org.junit.platform.engine.support.hierarchical.ThrowableCollector.execute(ThrowableCollector.java:73)
	at app//org.junit.jupiter.engine.descriptor.TestMethodTestDescriptor.invokeTestMethod(TestMethodTestDescriptor.java:210)
	at app//org.junit.jupiter.engine.descriptor.TestMethodTestDescriptor.execute(TestMethodTestDescriptor.java:135)
	at app//org.junit.jupiter.engine.descriptor.TestMethodTestDescriptor.execute(TestMethodTestDescriptor.java:66)
	at app//org.junit.platform.engine.support.hierarchical.NodeTestTask.lambda$executeRecursively$6(NodeTestTask.java:151)
	at app//org.junit.platform.engine.support.hierarchical.ThrowableCollector.execute(ThrowableCollector.java:73)
	at app//org.junit.platform.engine.support.hierarchical.NodeTestTask.lambda$executeRecursively$8(NodeTestTask.java:141)
	at app//org.junit.platform.engine.support.hierarchical.Node.around(Node.java:137)
	at app//org.junit.platform.engine.support.hierarchical.NodeTestTask.lambda$executeRecursively$9(NodeTestTask.java:139)
	at app//org.junit.platform.engine.support.hierarchical.ThrowableCollector.execute(ThrowableCollector.java:73)
	at app//org.junit.platform.engine.support.hierarchical.NodeTestTask.executeRecursively(NodeTestTask.java:138)
	at app//org.junit.platform.engine.support.hierarchical.NodeTestTask.execute(NodeTestTask.java:95)
	at java.base@11.0.17/java.util.ArrayList.forEach(ArrayList.java:1541)
	at app//org.junit.platform.engine.support.hierarchical.SameThreadHierarchicalTestExecutorService.invokeAll(SameThreadHierarchicalTestExecutorService.java:41)
	at app//org.junit.platform.engine.support.hierarchical.NodeTestTask.lambda$executeRecursively$6(NodeTestTask.java:155)
	at app//org.junit.platform.engine.support.hierarchical.ThrowableCollector.execute(ThrowableCollector.java:73)
	at app//org.junit.platform.engine.support.hierarchical.NodeTestTask.lambda$executeRecursively$8(NodeTestTask.java:141)
	at app//org.junit.platform.engine.support.hierarchical.Node.around(Node.java:137)
	at app//org.junit.platform.engine.support.hierarchical.NodeTestTask.lambda$executeRecursively$9(NodeTestTask.java:139)
	at app//org.junit.platform.engine.support.hierarchical.ThrowableCollector.execute(ThrowableCollector.java:73)
	at app//org.junit.platform.engine.support.hierarchical.NodeTestTask.executeRecursively(NodeTestTask.java:138)
	at app//org.junit.platform.engine.support.hierarchical.NodeTestTask.execute(NodeTestTask.java:95)
	at java.base@11.0.17/java.util.ArrayList.forEach(ArrayList.java:1541)
	at app//org.junit.platform.engine.support.hierarchical.SameThreadHierarchicalTestExecutorService.invokeAll(SameThreadHierarchicalTestExecutorService.java:41)
	at app//org.junit.platform.engine.support.hierarchical.NodeTestTask.lambda$executeRecursively$6(NodeTestTask.java:155)
	at app//org.junit.platform.engine.support.hierarchical.ThrowableCollector.execute(ThrowableCollector.java:73)
	at app//org.junit.platform.engine.support.hierarchical.NodeTestTask.lambda$executeRecursively$8(NodeTestTask.java:141)
	at app//org.junit.platform.engine.support.hierarchical.Node.around(Node.java:137)
	at app//org.junit.platform.engine.support.hierarchical.NodeTestTask.lambda$executeRecursively$9(NodeTestTask.java:139)
	at app//org.junit.platform.engine.support.hierarchical.ThrowableCollector.execute(ThrowableCollector.java:73)
	at app//org.junit.platform.engine.support.hierarchical.NodeTestTask.executeRecursively(NodeTestTask.java:138)
	at app//org.junit.platform.engine.support.hierarchical.NodeTestTask.execute(NodeTestTask.java:95)
	at app//org.junit.platform.engine.support.hierarchical.SameThreadHierarchicalTestExecutorService.submit(SameThreadHierarchicalTestExecutorService.java:35)
	at app//org.junit.platform.engine.support.hierarchical.HierarchicalTestExecutor.execute(HierarchicalTestExecutor.java:57)
	at app//org.junit.platform.engine.support.hierarchical.HierarchicalTestEngine.execute(HierarchicalTestEngine.java:54)
	at org.junit.platform.launcher.core.EngineExecutionOrchestrator.execute(EngineExecutionOrchestrator.java:107)
	at org.junit.platform.launcher.core.EngineExecutionOrchestrator.execute(EngineExecutionOrchestrator.java:88)
	at org.junit.platform.launcher.core.EngineExecutionOrchestrator.lambda$execute$0(EngineExecutionOrchestrator.java:54)
	at org.junit.platform.launcher.core.EngineExecutionOrchestrator.withInterceptedStreams(EngineExecutionOrchestrator.java:67)
	at org.junit.platform.launcher.core.EngineExecutionOrchestrator.execute(EngineExecutionOrchestrator.java:52)
	at org.junit.platform.launcher.core.DefaultLauncher.execute(DefaultLauncher.java:114)
	at org.junit.platform.launcher.core.DefaultLauncher.execute(DefaultLauncher.java:86)
	at org.junit.platform.launcher.core.DefaultLauncherSession$DelegatingLauncher.execute(DefaultLauncherSession.java:86)
	at org.junit.platform.launcher.core.SessionPerRequestLauncher.execute(SessionPerRequestLauncher.java:53)
	at org.gradle.api.internal.tasks.testing.junitplatform.JUnitPlatformTestClassProcessor$CollectAllTestClassesExecutor.processAllTestClasses(JUnitPlatformTestClassProcessor.java:99)
	at org.gradle.api.internal.tasks.testing.junitplatform.JUnitPlatformTestClassProcessor$CollectAllTestClassesExecutor.access$000(JUnitPlatformTestClassProcessor.java:79)
	at org.gradle.api.internal.tasks.testing.junitplatform.JUnitPlatformTestClassProcessor.stop(JUnitPlatformTestClassProcessor.java:75)
	at org.gradle.api.internal.tasks.testing.SuiteTestClassProcessor.stop(SuiteTestClassProcessor.java:62)
	at java.base@11.0.17/jdk.internal.reflect.NativeMethodAccessorImpl.invoke0(Native Method)
	at java.base@11.0.17/jdk.internal.reflect.NativeMethodAccessorImpl.invoke(NativeMethodAccessorImpl.java:62)
	at java.base@11.0.17/jdk.internal.reflect.DelegatingMethodAccessorImpl.invoke(DelegatingMethodAccessorImpl.java:43)
	at java.base@11.0.17/java.lang.reflect.Method.invoke(Method.java:566)
	at org.gradle.internal.dispatch.ReflectionDispatch.dispatch(ReflectionDispatch.java:36)
	at org.gradle.internal.dispatch.ReflectionDispatch.dispatch(ReflectionDispatch.java:24)
	at org.gradle.internal.dispatch.ContextClassLoaderDispatch.dispatch(ContextClassLoaderDispatch.java:33)
	at org.gradle.internal.dispatch.ProxyDispatchAdapter$DispatchingInvocationHandler.invoke(ProxyDispatchAdapter.java:94)
	at com.sun.proxy.$Proxy2.stop(Unknown Source)
	at org.gradle.api.internal.tasks.testing.worker.TestWorker$3.run(TestWorker.java:193)
	at org.gradle.api.internal.tasks.testing.worker.TestWorker.executeAndMaintainThreadName(TestWorker.java:129)
	at org.gradle.api.internal.tasks.testing.worker.TestWorker.execute(TestWorker.java:100)
	at org.gradle.api.internal.tasks.testing.worker.TestWorker.execute(TestWorker.java:60)
	at org.gradle.process.internal.worker.child.ActionExecutionWorker.execute(ActionExecutionWorker.java:56)
	at org.gradle.process.internal.worker.child.SystemApplicationClassLoaderWorker.call(SystemApplicationClassLoaderWorker.java:113)
	at org.gradle.process.internal.worker.child.SystemApplicationClassLoaderWorker.call(SystemApplicationClassLoaderWorker.java:65)
	at app//worker.org.gradle.process.internal.worker.GradleWorkerMain.run(GradleWorkerMain.java:69)
	at app//worker.org.gradle.process.internal.worker.GradleWorkerMain.main(GradleWorkerMain.java:74)
</pre>
</span>
</div>
<div class="test">
<a name="postReviewPost()"></a>
<h3 class="failures">강의 리뷰 등록 테스트</h3>
<span class="code">
<pre>org.springframework.restdocs.snippet.SnippetException: The following parts of the payload were not documented:
{
  &quot;data&quot; : {
    &quot;member&quot; : {
      &quot;questions&quot; : [ ],
      &quot;answers&quot; : [ ],
      &quot;questionVotes&quot; : [ ],
      &quot;answerVotes&quot; : [ ]
    }
  }
}
	at app//org.springframework.restdocs.payload.AbstractFieldsSnippet.validateFieldDocumentation(AbstractFieldsSnippet.java:218)
	at app//org.springframework.restdocs.payload.AbstractFieldsSnippet.createModel(AbstractFieldsSnippet.java:160)
	at app//org.springframework.restdocs.snippet.TemplatedSnippet.document(TemplatedSnippet.java:78)
	at app//org.springframework.restdocs.generate.RestDocumentationGenerator.handle(RestDocumentationGenerator.java:191)
	at app//org.springframework.restdocs.mockmvc.RestDocumentationResultHandler.handle(RestDocumentationResultHandler.java:52)
	at app//org.springframework.test.web.servlet.MockMvc$1.andDo(MockMvc.java:219)
	at app//ynzmz.server.review.lecture.controller.LectureReviewControllerTest.postReviewPost(LectureReviewControllerTest.java:86)
	at java.base@11.0.17/jdk.internal.reflect.NativeMethodAccessorImpl.invoke0(Native Method)
	at java.base@11.0.17/jdk.internal.reflect.NativeMethodAccessorImpl.invoke(NativeMethodAccessorImpl.java:62)
	at java.base@11.0.17/jdk.internal.reflect.DelegatingMethodAccessorImpl.invoke(DelegatingMethodAccessorImpl.java:43)
	at java.base@11.0.17/java.lang.reflect.Method.invoke(Method.java:566)
	at app//org.junit.platform.commons.util.ReflectionUtils.invokeMethod(ReflectionUtils.java:725)
	at app//org.junit.jupiter.engine.execution.MethodInvocation.proceed(MethodInvocation.java:60)
	at app//org.junit.jupiter.engine.execution.InvocationInterceptorChain$ValidatingInvocation.proceed(InvocationInterceptorChain.java:131)
	at app//org.junit.jupiter.engine.extension.TimeoutExtension.intercept(TimeoutExtension.java:149)
	at app//org.junit.jupiter.engine.extension.TimeoutExtension.interceptTestableMethod(TimeoutExtension.java:140)
	at app//org.junit.jupiter.engine.extension.TimeoutExtension.interceptTestMethod(TimeoutExtension.java:84)
	at app//org.junit.jupiter.engine.execution.ExecutableInvoker$ReflectiveInterceptorCall.lambda$ofVoidMethod$0(ExecutableInvoker.java:115)
	at app//org.junit.jupiter.engine.execution.ExecutableInvoker.lambda$invoke$0(ExecutableInvoker.java:105)
	at app//org.junit.jupiter.engine.execution.InvocationInterceptorChain$InterceptedInvocation.proceed(InvocationInterceptorChain.java:106)
	at app//org.junit.jupiter.engine.execution.InvocationInterceptorChain.proceed(InvocationInterceptorChain.java:64)
	at app//org.junit.jupiter.engine.execution.InvocationInterceptorChain.chainAndInvoke(InvocationInterceptorChain.java:45)
	at app//org.junit.jupiter.engine.execution.InvocationInterceptorChain.invoke(InvocationInterceptorChain.java:37)
	at app//org.junit.jupiter.engine.execution.ExecutableInvoker.invoke(ExecutableInvoker.java:104)
	at app//org.junit.jupiter.engine.execution.ExecutableInvoker.invoke(ExecutableInvoker.java:98)
	at app//org.junit.jupiter.engine.descriptor.TestMethodTestDescriptor.lambda$invokeTestMethod$7(TestMethodTestDescriptor.java:214)
	at app//org.junit.platform.engine.support.hierarchical.ThrowableCollector.execute(ThrowableCollector.java:73)
	at app//org.junit.jupiter.engine.descriptor.TestMethodTestDescriptor.invokeTestMethod(TestMethodTestDescriptor.java:210)
	at app//org.junit.jupiter.engine.descriptor.TestMethodTestDescriptor.execute(TestMethodTestDescriptor.java:135)
	at app//org.junit.jupiter.engine.descriptor.TestMethodTestDescriptor.execute(TestMethodTestDescriptor.java:66)
	at app//org.junit.platform.engine.support.hierarchical.NodeTestTask.lambda$executeRecursively$6(NodeTestTask.java:151)
	at app//org.junit.platform.engine.support.hierarchical.ThrowableCollector.execute(ThrowableCollector.java:73)
	at app//org.junit.platform.engine.support.hierarchical.NodeTestTask.lambda$executeRecursively$8(NodeTestTask.java:141)
	at app//org.junit.platform.engine.support.hierarchical.Node.around(Node.java:137)
	at app//org.junit.platform.engine.support.hierarchical.NodeTestTask.lambda$executeRecursively$9(NodeTestTask.java:139)
	at app//org.junit.platform.engine.support.hierarchical.ThrowableCollector.execute(ThrowableCollector.java:73)
	at app//org.junit.platform.engine.support.hierarchical.NodeTestTask.executeRecursively(NodeTestTask.java:138)
	at app//org.junit.platform.engine.support.hierarchical.NodeTestTask.execute(NodeTestTask.java:95)
	at java.base@11.0.17/java.util.ArrayList.forEach(ArrayList.java:1541)
	at app//org.junit.platform.engine.support.hierarchical.SameThreadHierarchicalTestExecutorService.invokeAll(SameThreadHierarchicalTestExecutorService.java:41)
	at app//org.junit.platform.engine.support.hierarchical.NodeTestTask.lambda$executeRecursively$6(NodeTestTask.java:155)
	at app//org.junit.platform.engine.support.hierarchical.ThrowableCollector.execute(ThrowableCollector.java:73)
	at app//org.junit.platform.engine.support.hierarchical.NodeTestTask.lambda$executeRecursively$8(NodeTestTask.java:141)
	at app//org.junit.platform.engine.support.hierarchical.Node.around(Node.java:137)
	at app//org.junit.platform.engine.support.hierarchical.NodeTestTask.lambda$executeRecursively$9(NodeTestTask.java:139)
	at app//org.junit.platform.engine.support.hierarchical.ThrowableCollector.execute(ThrowableCollector.java:73)
	at app//org.junit.platform.engine.support.hierarchical.NodeTestTask.executeRecursively(NodeTestTask.java:138)
	at app//org.junit.platform.engine.support.hierarchical.NodeTestTask.execute(NodeTestTask.java:95)
	at java.base@11.0.17/java.util.ArrayList.forEach(ArrayList.java:1541)
	at app//org.junit.platform.engine.support.hierarchical.SameThreadHierarchicalTestExecutorService.invokeAll(SameThreadHierarchicalTestExecutorService.java:41)
	at app//org.junit.platform.engine.support.hierarchical.NodeTestTask.lambda$executeRecursively$6(NodeTestTask.java:155)
	at app//org.junit.platform.engine.support.hierarchical.ThrowableCollector.execute(ThrowableCollector.java:73)
	at app//org.junit.platform.engine.support.hierarchical.NodeTestTask.lambda$executeRecursively$8(NodeTestTask.java:141)
	at app//org.junit.platform.engine.support.hierarchical.Node.around(Node.java:137)
	at app//org.junit.platform.engine.support.hierarchical.NodeTestTask.lambda$executeRecursively$9(NodeTestTask.java:139)
	at app//org.junit.platform.engine.support.hierarchical.ThrowableCollector.execute(ThrowableCollector.java:73)
	at app//org.junit.platform.engine.support.hierarchical.NodeTestTask.executeRecursively(NodeTestTask.java:138)
	at app//org.junit.platform.engine.support.hierarchical.NodeTestTask.execute(NodeTestTask.java:95)
	at app//org.junit.platform.engine.support.hierarchical.SameThreadHierarchicalTestExecutorService.submit(SameThreadHierarchicalTestExecutorService.java:35)
	at app//org.junit.platform.engine.support.hierarchical.HierarchicalTestExecutor.execute(HierarchicalTestExecutor.java:57)
	at app//org.junit.platform.engine.support.hierarchical.HierarchicalTestEngine.execute(HierarchicalTestEngine.java:54)
	at org.junit.platform.launcher.core.EngineExecutionOrchestrator.execute(EngineExecutionOrchestrator.java:107)
	at org.junit.platform.launcher.core.EngineExecutionOrchestrator.execute(EngineExecutionOrchestrator.java:88)
	at org.junit.platform.launcher.core.EngineExecutionOrchestrator.lambda$execute$0(EngineExecutionOrchestrator.java:54)
	at org.junit.platform.launcher.core.EngineExecutionOrchestrator.withInterceptedStreams(EngineExecutionOrchestrator.java:67)
	at org.junit.platform.launcher.core.EngineExecutionOrchestrator.execute(EngineExecutionOrchestrator.java:52)
	at org.junit.platform.launcher.core.DefaultLauncher.execute(DefaultLauncher.java:114)
	at org.junit.platform.launcher.core.DefaultLauncher.execute(DefaultLauncher.java:86)
	at org.junit.platform.launcher.core.DefaultLauncherSession$DelegatingLauncher.execute(DefaultLauncherSession.java:86)
	at org.junit.platform.launcher.core.SessionPerRequestLauncher.execute(SessionPerRequestLauncher.java:53)
	at org.gradle.api.internal.tasks.testing.junitplatform.JUnitPlatformTestClassProcessor$CollectAllTestClassesExecutor.processAllTestClasses(JUnitPlatformTestClassProcessor.java:99)
	at org.gradle.api.internal.tasks.testing.junitplatform.JUnitPlatformTestClassProcessor$CollectAllTestClassesExecutor.access$000(JUnitPlatformTestClassProcessor.java:79)
	at org.gradle.api.internal.tasks.testing.junitplatform.JUnitPlatformTestClassProcessor.stop(JUnitPlatformTestClassProcessor.java:75)
	at org.gradle.api.internal.tasks.testing.SuiteTestClassProcessor.stop(SuiteTestClassProcessor.java:62)
	at java.base@11.0.17/jdk.internal.reflect.NativeMethodAccessorImpl.invoke0(Native Method)
	at java.base@11.0.17/jdk.internal.reflect.NativeMethodAccessorImpl.invoke(NativeMethodAccessorImpl.java:62)
	at java.base@11.0.17/jdk.internal.reflect.DelegatingMethodAccessorImpl.invoke(DelegatingMethodAccessorImpl.java:43)
	at java.base@11.0.17/java.lang.reflect.Method.invoke(Method.java:566)
	at org.gradle.internal.dispatch.ReflectionDispatch.dispatch(ReflectionDispatch.java:36)
	at org.gradle.internal.dispatch.ReflectionDispatch.dispatch(ReflectionDispatch.java:24)
	at org.gradle.internal.dispatch.ContextClassLoaderDispatch.dispatch(ContextClassLoaderDispatch.java:33)
	at org.gradle.internal.dispatch.ProxyDispatchAdapter$DispatchingInvocationHandler.invoke(ProxyDispatchAdapter.java:94)
	at com.sun.proxy.$Proxy2.stop(Unknown Source)
	at org.gradle.api.internal.tasks.testing.worker.TestWorker$3.run(TestWorker.java:193)
	at org.gradle.api.internal.tasks.testing.worker.TestWorker.executeAndMaintainThreadName(TestWorker.java:129)
	at org.gradle.api.internal.tasks.testing.worker.TestWorker.execute(TestWorker.java:100)
	at org.gradle.api.internal.tasks.testing.worker.TestWorker.execute(TestWorker.java:60)
	at org.gradle.process.internal.worker.child.ActionExecutionWorker.execute(ActionExecutionWorker.java:56)
	at org.gradle.process.internal.worker.child.SystemApplicationClassLoaderWorker.call(SystemApplicationClassLoaderWorker.java:113)
	at org.gradle.process.internal.worker.child.SystemApplicationClassLoaderWorker.call(SystemApplicationClassLoaderWorker.java:65)
	at app//worker.org.gradle.process.internal.worker.GradleWorkerMain.run(GradleWorkerMain.java:69)
	at app//worker.org.gradle.process.internal.worker.GradleWorkerMain.main(GradleWorkerMain.java:74)
</pre>
</span>
</div>
</div>
<div id="tab1" class="tab">
<h2>Tests</h2>
<table>
<thead>
<tr>
<th>Test</th>
<th>Method name</th>
<th>Duration</th>
<th>Result</th>
</tr>
</thead>
<tr>
<td class="success">리뷰글 삭제 테스트</td>
<td class="success">deleteReview()</td>
<td class="success">0.006s</td>
<td class="success">passed</td>
</tr>
<tr>
<td class="failures">리뷰글 상세 조회 테스트</td>
<td class="failures">getReviewPostDetail()</td>
<td class="failures">0.016s</td>
<td class="failures">failed</td>
</tr>
<tr>
<td class="failures">강의 리뷰 수정 테스트</td>
<td class="failures">patchReviewPost()</td>
<td class="failures">0.012s</td>
<td class="failures">failed</td>
</tr>
<tr>
<td class="failures">강의 리뷰 등록 테스트</td>
<td class="failures">postReviewPost()</td>
<td class="failures">0.013s</td>
<td class="failures">failed</td>
</tr>
</table>
</div>
<div id="tab2" class="tab">
<h2>Standard output</h2>
<span class="code">
<pre>2023-03-17 11:22:40.709  INFO 8158 --- [    Test worker] .b.t.a.w.s.WebMvcTestContextBootstrapper : Neither @ContextConfiguration nor @ContextHierarchy found for test class [ynzmz.server.review.lecture.controller.LectureReviewControllerTest], using SpringBootContextLoader
2023-03-17 11:22:40.709  INFO 8158 --- [    Test worker] o.s.t.c.support.AbstractContextLoader    : Could not detect default resource locations for test class [ynzmz.server.review.lecture.controller.LectureReviewControllerTest]: no resource found for suffixes {-context.xml, Context.groovy}.
2023-03-17 11:22:40.709  INFO 8158 --- [    Test worker] t.c.s.AnnotationConfigContextLoaderUtils : Could not detect default configuration classes for test class [ynzmz.server.review.lecture.controller.LectureReviewControllerTest]: LectureReviewControllerTest does not declare any static, non-private, non-final, nested classes annotated with @Configuration.
2023-03-17 11:22:40.713  INFO 8158 --- [    Test worker] .b.t.c.SpringBootTestContextBootstrapper : Found @SpringBootConfiguration ynzmz.server.ServerApplication for test class ynzmz.server.review.lecture.controller.LectureReviewControllerTest
2023-03-17 11:22:40.713  INFO 8158 --- [    Test worker] .b.t.a.w.s.WebMvcTestContextBootstrapper : Loaded default TestExecutionListener class names from location [META-INF/spring.factories]: [org.springframework.security.test.context.support.WithSecurityContextTestExecutionListener, org.springframework.security.test.context.support.ReactorContextTestExecutionListener, org.springframework.boot.test.autoconfigure.restdocs.RestDocsTestExecutionListener, org.springframework.boot.test.autoconfigure.web.client.MockRestServiceServerResetTestExecutionListener, org.springframework.boot.test.autoconfigure.web.servlet.MockMvcPrintOnlyOnFailureTestExecutionListener, org.springframework.boot.test.autoconfigure.web.servlet.WebDriverTestExecutionListener, org.springframework.boot.test.autoconfigure.webservices.client.MockWebServiceServerTestExecutionListener, org.springframework.boot.test.mock.mockito.MockitoTestExecutionListener, org.springframework.boot.test.mock.mockito.ResetMocksTestExecutionListener, org.springframework.test.context.web.ServletTestExecutionListener, org.springframework.test.context.support.DirtiesContextBeforeModesTestExecutionListener, org.springframework.test.context.event.ApplicationEventsTestExecutionListener, org.springframework.test.context.support.DependencyInjectionTestExecutionListener, org.springframework.test.context.support.DirtiesContextTestExecutionListener, org.springframework.test.context.transaction.TransactionalTestExecutionListener, org.springframework.test.context.jdbc.SqlScriptsTestExecutionListener, org.springframework.test.context.event.EventPublishingTestExecutionListener]
2023-03-17 11:22:40.714  INFO 8158 --- [    Test worker] .b.t.a.w.s.WebMvcTestContextBootstrapper : Using TestExecutionListeners: [org.springframework.test.context.web.ServletTestExecutionListener@7e514482, org.springframework.test.context.support.DirtiesContextBeforeModesTestExecutionListener@1e5e3147, org.springframework.test.context.event.ApplicationEventsTestExecutionListener@3c271988, org.springframework.boot.test.mock.mockito.MockitoTestExecutionListener@3aed692d, org.springframework.boot.test.autoconfigure.SpringBootDependencyInjectionTestExecutionListener@4eec5fa6, org.springframework.test.context.support.DirtiesContextTestExecutionListener@21579b35, org.springframework.test.context.transaction.TransactionalTestExecutionListener@25b83dce, org.springframework.test.context.jdbc.SqlScriptsTestExecutionListener@74cd8c55, org.springframework.security.test.context.support.WithSecurityContextTestExecutionListener@5870fc05, org.springframework.test.context.event.EventPublishingTestExecutionListener@45e35a0d, org.springframework.security.test.context.support.ReactorContextTestExecutionListener@21d15932, org.springframework.boot.test.autoconfigure.restdocs.RestDocsTestExecutionListener@3966c679, org.springframework.boot.test.autoconfigure.web.client.MockRestServiceServerResetTestExecutionListener@66a99584, org.springframework.boot.test.autoconfigure.web.servlet.MockMvcPrintOnlyOnFailureTestExecutionListener@3945886e, org.springframework.boot.test.autoconfigure.web.servlet.WebDriverTestExecutionListener@12765ebd, org.springframework.boot.test.autoconfigure.webservices.client.MockWebServiceServerTestExecutionListener@1dac0784, org.springframework.boot.test.mock.mockito.ResetMocksTestExecutionListener@3703a400]

  .   ____          _            __ _ _
 /\\ / ___'_ __ _ _(_)_ __  __ _ \ \ \ \
( ( )\___ | '_ | '_| | '_ \/ _` | \ \ \ \
 \\/  ___)| |_)| | | | | || (_| |  ) ) ) )
  '  |____| .__|_| |_|_| |_\__, | / / / /
 =========|_|==============|___/=/_/_/_/
 :: Spring Boot ::                (v2.7.9)

2023-03-17 11:22:40.726  INFO 8158 --- [    Test worker] y.s.r.l.c.LectureReviewControllerTest    : Starting LectureReviewControllerTest using Java 11.0.17 on gimminhoui-MacBookPro.local with PID 8158 (started by mino in /Users/mino/codestates/seb42_main_027/server)
2023-03-17 11:22:40.726  INFO 8158 --- [    Test worker] y.s.r.l.c.LectureReviewControllerTest    : The following 1 profile is active: &quot;server&quot;
2023-03-17 11:22:40.933  WARN 8158 --- [    Test worker] .s.s.UserDetailsServiceAutoConfiguration : 

Using generated security password: ce5e6bc9-f04c-4e9b-b169-9c8f10f53920

This generated password is for development use only. Your security configuration must be updated before running your application in production.

2023-03-17 11:22:40.951  INFO 8158 --- [    Test worker] o.s.s.web.DefaultSecurityFilterChain     : Will secure any request with [org.springframework.security.web.session.DisableEncodeUrlFilter@563392e5, org.springframework.security.web.context.request.async.WebAsyncManagerIntegrationFilter@52d181ed, org.springframework.security.web.context.SecurityContextPersistenceFilter@61aa6300, org.springframework.security.web.header.HeaderWriterFilter@7aaf6bfd, org.springframework.security.web.authentication.logout.LogoutFilter@584fb03d, org.springframework.security.web.savedrequest.RequestCacheAwareFilter@7e2e0b8a, org.springframework.security.web.servletapi.SecurityContextHolderAwareRequestFilter@7f5f7731, org.springframework.security.web.authentication.AnonymousAuthenticationFilter@43efe064, org.springframework.security.web.session.SessionManagementFilter@4a8bf1dc, org.springframework.security.web.access.ExceptionTranslationFilter@3065efd0]
2023-03-17 11:22:40.973  INFO 8158 --- [    Test worker] o.s.b.t.m.w.SpringBootMockServletContext : Initializing Spring TestDispatcherServlet ''
2023-03-17 11:22:40.973  INFO 8158 --- [    Test worker] o.s.t.web.servlet.TestDispatcherServlet  : Initializing Servlet ''
2023-03-17 11:22:40.974  INFO 8158 --- [    Test worker] o.s.t.web.servlet.TestDispatcherServlet  : Completed initialization in 1 ms
2023-03-17 11:22:40.980  INFO 8158 --- [    Test worker] y.s.r.l.c.LectureReviewControllerTest    : Started LectureReviewControllerTest in 0.264 seconds (JVM running for 3.406)

MockHttpServletRequest:
      HTTP Method = POST
      Request URI = /lectures/reviews
       Parameters = {}
          Headers = [Content-Type:&quot;application/json;charset=UTF-8&quot;, Accept:&quot;application/json&quot;, Content-Length:&quot;132&quot;]
             Body = {&quot;title&quot;:&quot;리뷰글 제목&quot;,&quot;starPoint&quot;:5,&quot;content&quot;:&quot;리뷰글 내용&quot;,&quot;memberId&quot;:1,&quot;lectureId&quot;:1,&quot;createdAt&quot;:&quot;2023.03.10.18:52:36&quot;}
    Session Attrs = {SPRING_SECURITY_CONTEXT=SecurityContextImpl [Authentication=UsernamePasswordAuthenticationToken [Principal=org.springframework.security.core.userdetails.User [Username=user, Password=[PROTECTED], Enabled=true, AccountNonExpired=true, credentialsNonExpired=true, AccountNonLocked=true, Granted Authorities=[ROLE_USER]], Credentials=[PROTECTED], Authenticated=true, Details=null, Granted Authorities=[ROLE_USER]]]}

Handler:
             Type = ynzmz.server.review.lecture.controller.LectureReviewController
           Method = ynzmz.server.review.lecture.controller.LectureReviewController#postLectureReview(Post)

Async:
    Async started = false
     Async result = null

Resolved Exception:
             Type = null

ModelAndView:
        View name = null
             View = null
            Model = null

FlashMap:
       Attributes = null

MockHttpServletResponse:
           Status = 201
    Error message = null
          Headers = [Vary:&quot;Origin&quot;, &quot;Access-Control-Request-Method&quot;, &quot;Access-Control-Request-Headers&quot;, Content-Type:&quot;application/json&quot;, X-Content-Type-Options:&quot;nosniff&quot;, X-XSS-Protection:&quot;1; mode=block&quot;, Cache-Control:&quot;no-cache, no-store, max-age=0, must-revalidate&quot;, Pragma:&quot;no-cache&quot;, Expires:&quot;0&quot;, X-Frame-Options:&quot;DENY&quot;]
     Content type = application/json
             Body = {&quot;data&quot;:{&quot;lectureReviewId&quot;:1,&quot;title&quot;:&quot;리뷰글 제목&quot;,&quot;starPoint&quot;:5,&quot;content&quot;:&quot;리뷰글 내용&quot;,&quot;createdAt&quot;:&quot;2023.03.10.18:52:36&quot;,&quot;modifiedAt&quot;:&quot;2023.03.10.18:52:36&quot;,&quot;viewCount&quot;:1,&quot;voteCount&quot;:0,&quot;lecture&quot;:{&quot;lectureId&quot;:1,&quot;title&quot;:&quot;강의 이름!&quot;,&quot;starPointAverage&quot;:0.0},&quot;member&quot;:{&quot;memberId&quot;:1,&quot;email&quot;:&quot;ghdrlfehd@gmail.com&quot;,&quot;displayName&quot;:&quot;홍길동&quot;,&quot;password&quot;:&quot;1111&quot;,&quot;iconImageUrl&quot;:&quot;IconUrl&quot;,&quot;createdAt&quot;:&quot;2023.03.10.18:52:36&quot;,&quot;roles&quot;:[],&quot;memberStatus&quot;:&quot;MEMBER_ACTIVE&quot;,&quot;questions&quot;:[],&quot;answers&quot;:[],&quot;questionVotes&quot;:[],&quot;answerVotes&quot;:[]}}}
    Forwarded URL = null
   Redirected URL = null
          Cookies = []

MockHttpServletRequest:
      HTTP Method = PATCH
      Request URI = /lectures/reviews/1
       Parameters = {}
          Headers = [Content-Type:&quot;application/json;charset=UTF-8&quot;, Accept:&quot;application/json&quot;, Content-Length:&quot;106&quot;]
             Body = {&quot;title&quot;:&quot;리뷰글 제목&quot;,&quot;starPoint&quot;:5,&quot;content&quot;:&quot;리뷰글 내용&quot;,&quot;modifiedAt&quot;:&quot;2023.03.10.18:52:36&quot;}
    Session Attrs = {SPRING_SECURITY_CONTEXT=SecurityContextImpl [Authentication=UsernamePasswordAuthenticationToken [Principal=org.springframework.security.core.userdetails.User [Username=user, Password=[PROTECTED], Enabled=true, AccountNonExpired=true, credentialsNonExpired=true, AccountNonLocked=true, Granted Authorities=[ROLE_USER]], Credentials=[PROTECTED], Authenticated=true, Details=null, Granted Authorities=[ROLE_USER]]]}

Handler:
             Type = ynzmz.server.review.lecture.controller.LectureReviewController
           Method = ynzmz.server.review.lecture.controller.LectureReviewController#patchLectureReview(long, Patch)

Async:
    Async started = false
     Async result = null

Resolved Exception:
             Type = null

ModelAndView:
        View name = null
             View = null
            Model = null

FlashMap:
       Attributes = null

MockHttpServletResponse:
           Status = 200
    Error message = null
          Headers = [Vary:&quot;Origin&quot;, &quot;Access-Control-Request-Method&quot;, &quot;Access-Control-Request-Headers&quot;, Content-Type:&quot;application/json&quot;, X-Content-Type-Options:&quot;nosniff&quot;, X-XSS-Protection:&quot;1; mode=block&quot;, Cache-Control:&quot;no-cache, no-store, max-age=0, must-revalidate&quot;, Pragma:&quot;no-cache&quot;, Expires:&quot;0&quot;, X-Frame-Options:&quot;DENY&quot;]
     Content type = application/json
             Body = {&quot;data&quot;:{&quot;lectureReviewId&quot;:1,&quot;title&quot;:&quot;리뷰글 제목&quot;,&quot;starPoint&quot;:5,&quot;content&quot;:&quot;리뷰글 내용&quot;,&quot;createdAt&quot;:&quot;2023.03.10.18:52:36&quot;,&quot;modifiedAt&quot;:&quot;2023.03.10.18:52:36&quot;,&quot;viewCount&quot;:1,&quot;voteCount&quot;:0,&quot;lecture&quot;:{&quot;lectureId&quot;:1,&quot;title&quot;:&quot;강의 이름!&quot;,&quot;starPointAverage&quot;:0.0},&quot;member&quot;:{&quot;memberId&quot;:1,&quot;email&quot;:&quot;ghdrlfehd@gmail.com&quot;,&quot;displayName&quot;:&quot;홍길동&quot;,&quot;password&quot;:&quot;1111&quot;,&quot;iconImageUrl&quot;:&quot;IconUrl&quot;,&quot;createdAt&quot;:&quot;2023.03.10.18:52:36&quot;,&quot;roles&quot;:[],&quot;memberStatus&quot;:&quot;MEMBER_ACTIVE&quot;,&quot;questions&quot;:[],&quot;answers&quot;:[],&quot;questionVotes&quot;:[],&quot;answerVotes&quot;:[]}}}
    Forwarded URL = null
   Redirected URL = null
          Cookies = []

MockHttpServletRequest:
      HTTP Method = GET
      Request URI = /lectures/reviews/1
       Parameters = {}
          Headers = [Content-Type:&quot;application/json;charset=UTF-8&quot;, Accept:&quot;application/json&quot;]
             Body = null
    Session Attrs = {SPRING_SECURITY_CONTEXT=SecurityContextImpl [Authentication=UsernamePasswordAuthenticationToken [Principal=org.springframework.security.core.userdetails.User [Username=user, Password=[PROTECTED], Enabled=true, AccountNonExpired=true, credentialsNonExpired=true, AccountNonLocked=true, Granted Authorities=[ROLE_USER]], Credentials=[PROTECTED], Authenticated=true, Details=null, Granted Authorities=[ROLE_USER]]]}

Handler:
             Type = ynzmz.server.review.lecture.controller.LectureReviewController
           Method = ynzmz.server.review.lecture.controller.LectureReviewController#getReviewDetail(long)

Async:
    Async started = false
     Async result = null

Resolved Exception:
             Type = null

ModelAndView:
        View name = null
             View = null
            Model = null

FlashMap:
       Attributes = null

MockHttpServletResponse:
           Status = 200
    Error message = null
          Headers = [Vary:&quot;Origin&quot;, &quot;Access-Control-Request-Method&quot;, &quot;Access-Control-Request-Headers&quot;, Content-Type:&quot;application/json&quot;, X-Content-Type-Options:&quot;nosniff&quot;, X-XSS-Protection:&quot;1; mode=block&quot;, Cache-Control:&quot;no-cache, no-store, max-age=0, must-revalidate&quot;, Pragma:&quot;no-cache&quot;, Expires:&quot;0&quot;, X-Frame-Options:&quot;DENY&quot;]
     Content type = application/json
             Body = {&quot;data&quot;:{&quot;lectureReviewId&quot;:1,&quot;title&quot;:&quot;리뷰글 제목&quot;,&quot;starPoint&quot;:5,&quot;content&quot;:&quot;리뷰글 내용&quot;,&quot;createdAt&quot;:&quot;2023.03.10.18:52:36&quot;,&quot;modifiedAt&quot;:&quot;2023.03.10.18:52:36&quot;,&quot;viewCount&quot;:1,&quot;voteCount&quot;:0,&quot;teacher&quot;:{&quot;teacherId&quot;:1,&quot;name&quot;:&quot;홍길동&quot;,&quot;starPointAverage&quot;:0.0},&quot;lecture&quot;:{&quot;lectureId&quot;:1,&quot;title&quot;:&quot;강의 이름!&quot;,&quot;starPointAverage&quot;:0.0},&quot;member&quot;:{&quot;memberId&quot;:1,&quot;email&quot;:&quot;ghdrlfehd@gmail.com&quot;,&quot;displayName&quot;:&quot;홍길동&quot;,&quot;password&quot;:&quot;1111&quot;,&quot;iconImageUrl&quot;:&quot;IconUrl&quot;,&quot;createdAt&quot;:&quot;2023.03.10.18:52:36&quot;,&quot;roles&quot;:[],&quot;memberStatus&quot;:&quot;MEMBER_ACTIVE&quot;,&quot;questions&quot;:[],&quot;answers&quot;:[],&quot;questionVotes&quot;:[],&quot;answerVotes&quot;:[]},&quot;comments&quot;:[{&quot;lectureReviewCommentId&quot;:1,&quot;content&quot;:&quot;이사람 재대로 들은거 맞음?&quot;,&quot;createdAt&quot;:&quot;2023.03.10.18:52:36&quot;,&quot;modifiedAt&quot;:&quot;2023.03.10.18:52:36&quot;,&quot;voteCount&quot;:0,&quot;member&quot;:{&quot;memberId&quot;:1,&quot;email&quot;:&quot;ghdrlfehd@gmail.com&quot;,&quot;displayName&quot;:&quot;홍길동&quot;,&quot;password&quot;:&quot;1111&quot;,&quot;iconImageUrl&quot;:&quot;IconUrl&quot;,&quot;createdAt&quot;:&quot;2023.03.10.18:52:36&quot;,&quot;roles&quot;:[],&quot;memberStatus&quot;:&quot;MEMBER_ACTIVE&quot;,&quot;questions&quot;:[],&quot;answers&quot;:[],&quot;questionVotes&quot;:[],&quot;answerVotes&quot;:[]}},{&quot;lectureReviewCommentId&quot;:1,&quot;content&quot;:&quot;이사람 재대로 들은거 맞음?&quot;,&quot;createdAt&quot;:&quot;2023.03.10.18:52:36&quot;,&quot;modifiedAt&quot;:&quot;2023.03.10.18:52:36&quot;,&quot;voteCount&quot;:0,&quot;member&quot;:{&quot;memberId&quot;:1,&quot;email&quot;:&quot;ghdrlfehd@gmail.com&quot;,&quot;displayName&quot;:&quot;홍길동&quot;,&quot;password&quot;:&quot;1111&quot;,&quot;iconImageUrl&quot;:&quot;IconUrl&quot;,&quot;createdAt&quot;:&quot;2023.03.10.18:52:36&quot;,&quot;roles&quot;:[],&quot;memberStatus&quot;:&quot;MEMBER_ACTIVE&quot;,&quot;questions&quot;:[],&quot;answers&quot;:[],&quot;questionVotes&quot;:[],&quot;answerVotes&quot;:[]}},{&quot;lectureReviewCommentId&quot;:1,&quot;content&quot;:&quot;이사람 재대로 들은거 맞음?&quot;,&quot;createdAt&quot;:&quot;2023.03.10.18:52:36&quot;,&quot;modifiedAt&quot;:&quot;2023.03.10.18:52:36&quot;,&quot;voteCount&quot;:0,&quot;member&quot;:{&quot;memberId&quot;:1,&quot;email&quot;:&quot;ghdrlfehd@gmail.com&quot;,&quot;displayName&quot;:&quot;홍길동&quot;,&quot;password&quot;:&quot;1111&quot;,&quot;iconImageUrl&quot;:&quot;IconUrl&quot;,&quot;createdAt&quot;:&quot;2023.03.10.18:52:36&quot;,&quot;roles&quot;:[],&quot;memberStatus&quot;:&quot;MEMBER_ACTIVE&quot;,&quot;questions&quot;:[],&quot;answers&quot;:[],&quot;questionVotes&quot;:[],&quot;answerVotes&quot;:[]}},{&quot;lectureReviewCommentId&quot;:1,&quot;content&quot;:&quot;이사람 재대로 들은거 맞음?&quot;,&quot;createdAt&quot;:&quot;2023.03.10.18:52:36&quot;,&quot;modifiedAt&quot;:&quot;2023.03.10.18:52:36&quot;,&quot;voteCount&quot;:0,&quot;member&quot;:{&quot;memberId&quot;:1,&quot;email&quot;:&quot;ghdrlfehd@gmail.com&quot;,&quot;displayName&quot;:&quot;홍길동&quot;,&quot;password&quot;:&quot;1111&quot;,&quot;iconImageUrl&quot;:&quot;IconUrl&quot;,&quot;createdAt&quot;:&quot;2023.03.10.18:52:36&quot;,&quot;roles&quot;:[],&quot;memberStatus&quot;:&quot;MEMBER_ACTIVE&quot;,&quot;questions&quot;:[],&quot;answers&quot;:[],&quot;questionVotes&quot;:[],&quot;answerVotes&quot;:[]}},{&quot;lectureReviewCommentId&quot;:1,&quot;content&quot;:&quot;이사람 재대로 들은거 맞음?&quot;,&quot;createdAt&quot;:&quot;2023.03.10.18:52:36&quot;,&quot;modifiedAt&quot;:&quot;2023.03.10.18:52:36&quot;,&quot;voteCount&quot;:0,&quot;member&quot;:{&quot;memberId&quot;:1,&quot;email&quot;:&quot;ghdrlfehd@gmail.com&quot;,&quot;displayName&quot;:&quot;홍길동&quot;,&quot;password&quot;:&quot;1111&quot;,&quot;iconImageUrl&quot;:&quot;IconUrl&quot;,&quot;createdAt&quot;:&quot;2023.03.10.18:52:36&quot;,&quot;roles&quot;:[],&quot;memberStatus&quot;:&quot;MEMBER_ACTIVE&quot;,&quot;questions&quot;:[],&quot;answers&quot;:[],&quot;questionVotes&quot;:[],&quot;answerVotes&quot;:[]}},{&quot;lectureReviewCommentId&quot;:1,&quot;content&quot;:&quot;이사람 재대로 들은거 맞음?&quot;,&quot;createdAt&quot;:&quot;2023.03.10.18:52:36&quot;,&quot;modifiedAt&quot;:&quot;2023.03.10.18:52:36&quot;,&quot;voteCount&quot;:0,&quot;member&quot;:{&quot;memberId&quot;:1,&quot;email&quot;:&quot;ghdrlfehd@gmail.com&quot;,&quot;displayName&quot;:&quot;홍길동&quot;,&quot;password&quot;:&quot;1111&quot;,&quot;iconImageUrl&quot;:&quot;IconUrl&quot;,&quot;createdAt&quot;:&quot;2023.03.10.18:52:36&quot;,&quot;roles&quot;:[],&quot;memberStatus&quot;:&quot;MEMBER_ACTIVE&quot;,&quot;questions&quot;:[],&quot;answers&quot;:[],&quot;questionVotes&quot;:[],&quot;answerVotes&quot;:[]}}]}}
    Forwarded URL = null
   Redirected URL = null
          Cookies = []
</pre>
</span>
</div>
</div>
<div id="footer">
<p>
<div>
<label class="hidden" id="label-for-line-wrapping-toggle" for="line-wrapping-toggle">Wrap lines
<input id="line-wrapping-toggle" type="checkbox" autocomplete="off"/>
</label>
</div>Generated by 
<a href="http://www.gradle.org">Gradle 7.6.1</a> at 2023. 3. 17. 오전 11:22:45</p>
</div>
</div>
</body>
</html>
